app/build/intermediates/manifest_merge_blame_file/debug/manifest-merger-blame-debug-report.txt
1<?xml version="1.0" encoding="utf-8"?>
2<!--
3  ~ Copyright 2017 Google Inc.
4  ~
5  ~ Licensed under the Apache License, Version 2.0 (the "License");
6  ~ you may not use this file except in compliance with the License.
7  ~ You may obtain a copy of the License at
8  ~
9  ~      http://www.apache.org/licenses/LICENSE-2.0
10  ~
11  ~ Unless required by applicable law or agreed to in writing, software
12  ~ distributed under the License is distributed on an "AS IS" BASIS,
13  ~ WITHOUT WARRANTIES OR CONDITIONS OF ANY KIND, either express or implied.
14  ~ See the License for the specific language governing permissions and
15  ~ limitations under the License.
16-->
17<manifest xmlns:android="http://schemas.android.com/apk/res/android"
18    xmlns:dist="http://schemas.android.com/apk/distribution"
19    package="com.google.android.instantapps.samples.install"
20    android:versionCode="1"
21    android:versionName="1.0" >
22
23    <uses-sdk
24        android:minSdkVersion="15"
24-->src\main\AndroidManifest.xml
25        android:targetSdkVersion="28" />
25-->src\main\AndroidManifest.xml
26
27    <dist:module dist:instant="true" />
27-->src\main\AndroidManifest.xml:20:5-40
27-->src\main\AndroidManifest.xml:20:18-37
28
29    <application
29-->src\main\AndroidManifest.xml:21:5-53:19
30        android:allowBackup="true"
30-->src\main\AndroidManifest.xml:22:9-35
31        android:appComponentFactory="androidx.core.app.CoreComponentFactory"
31-->[androidx.core:core:1.0.1] AndroidManifest.xml:22:18-86
32        android:debuggable="true"
33        android:label="@string/app_name"
33-->src\main\AndroidManifest.xml:23:9-41
34        android:supportsRtl="true"
34-->src\main\AndroidManifest.xml:24:9-35
35        android:testOnly="true" >
36        <activity
36-->src\main\AndroidManifest.xml:25:9-52:20
37            android:name="com.google.android.instantapps.samples.install.InstallApiActivity"
37-->src\main\AndroidManifest.xml:26:13-47
38            android:label="@string/title_activity_store"
38-->src\main\AndroidManifest.xml:27:13-57
39            android:theme="@style/AppTheme" >
39-->src\main\AndroidManifest.xml:28:13-44
40            <intent-filter android:label="@string/app_name" >
40-->src\main\AndroidManifest.xml:30:13-33:29
40-->src\main\AndroidManifest.xml:30:28-60
41                <action android:name="android.intent.action.MAIN" />
41-->src\main\AndroidManifest.xml:31:17-69
41-->src\main\AndroidManifest.xml:31:25-66
42
43                <category android:name="android.intent.category.LAUNCHER" />
43-->src\main\AndroidManifest.xml:32:17-77
43-->src\main\AndroidManifest.xml:32:27-74
44            </intent-filter>
45            <intent-filter
45-->src\main\AndroidManifest.xml:35:13-46:29
46                android:autoVerify="true"
46-->src\main\AndroidManifest.xml:36:17-42
47                android:order="2" >
47-->src\main\AndroidManifest.xml:37:17-34
48                <action android:name="android.intent.action.VIEW" />
48-->src\main\AndroidManifest.xml:38:17-69
48-->src\main\AndroidManifest.xml:38:25-66
49
50                <category android:name="android.intent.category.BROWSABLE" />
50-->src\main\AndroidManifest.xml:40:17-78
50-->src\main\AndroidManifest.xml:40:27-75
51                <category android:name="android.intent.category.DEFAULT" />
51-->src\main\AndroidManifest.xml:41:17-76
51-->src\main\AndroidManifest.xml:41:27-73
52
53                <data android:scheme="https" />
53-->src\main\AndroidManifest.xml:43:17-48
53-->src\main\AndroidManifest.xml:43:23-45
54                <data android:scheme="http" />
54-->src\main\AndroidManifest.xml:43:17-48
54-->src\main\AndroidManifest.xml:43:23-45
55                <data android:host="install-api.instantappsample.com" />
55-->src\main\AndroidManifest.xml:43:17-48
55-->src\main\AndroidManifest.xml:45:23-70
56            </intent-filter>
57
58            <meta-data
58-->src\main\AndroidManifest.xml:48:13-50:76
59                android:name="default-url"
59-->src\main\AndroidManifest.xml:49:17-43
60                android:value="https://install-api.instantappsample.com" />
60-->src\main\AndroidManifest.xml:50:17-73
61        </activity>
62        <activity
62-->[com.google.android.gms:play-services-base:16.0.1] AndroidManifest.xml:23:9-26:75
63            android:name="com.google.android.gms.common.api.GoogleApiActivity"
63-->[com.google.android.gms:play-services-base:16.0.1] AndroidManifest.xml:24:13-79
64            android:exported="false"
64-->[com.google.android.gms:play-services-base:16.0.1] AndroidManifest.xml:25:13-37
65            android:theme="@android:style/Theme.Translucent.NoTitleBar" />
65-->[com.google.android.gms:play-services-base:16.0.1] AndroidManifest.xml:26:13-72
66
67        <meta-data
67-->[com.google.android.gms:play-services-basement:16.0.1] AndroidManifest.xml:23:9-25:69
68            android:name="com.google.android.gms.version"
68-->[com.google.android.gms:play-services-basement:16.0.1] AndroidManifest.xml:24:13-58
69            android:value="@integer/google_play_services_version" />
69-->[com.google.android.gms:play-services-basement:16.0.1] AndroidManifest.xml:25:13-66
70    </application>
71
72</manifest>